{
  "stats": {
    "suites": 2,
    "tests": 3,
    "passes": 3,
    "pending": 0,
    "failures": 0,
    "start": "2022-08-18T11:58:42.570Z",
    "end": "2022-08-18T11:58:42.805Z",
    "duration": 235,
    "testsRegistered": 3,
    "passPercent": 100,
    "pendingPercent": 0,
    "other": 0,
    "hasOther": false,
    "skipped": 0,
    "hasSkipped": false
  },
  "results": [
    {
      "uuid": "b14d502f-c89c-441f-878d-55832599c771",
      "title": "",
      "fullFile": "",
      "file": "",
      "beforeHooks": [],
      "afterHooks": [],
      "tests": [],
      "suites": [
        {
          "uuid": "903947d2-6007-460a-8fe2-df834cc9f7f0",
          "title": "Create User",
          "fullFile": "D:\\revisi-tugas-week3\\testcases\\search-user-by-id.js",
          "file": "\\testcases\\search-user-by-id.js",
          "beforeHooks": [],
          "afterHooks": [],
          "tests": [
            {
              "title": "[@createUser] create new user",
              "fullTitle": "Create User [@createUser] create new user",
              "timedOut": false,
              "duration": 147,
              "state": "passed",
              "speed": "slow",
              "pass": true,
              "fail": false,
              "pending": false,
              "context": null,
              "code": "let response = await api.postUser(requestBody);                \nexpect(response.status).to.equal(200); \nexpect(response.body).has.jsonSchema(createSchema);",
              "err": {},
              "uuid": "64d16eff-ce0c-4442-8b0d-e1b97895712d",
              "parentUUID": "903947d2-6007-460a-8fe2-df834cc9f7f0",
              "isHook": false,
              "skipped": false
            }
          ],
          "suites": [],
          "passes": [
            "64d16eff-ce0c-4442-8b0d-e1b97895712d"
          ],
          "failures": [],
          "pending": [],
          "skipped": [],
          "duration": 147,
          "root": false,
          "rootEmpty": false,
          "_timeout": 2000
        },
        {
          "uuid": "3ee3afc2-2ffe-4663-86b0-6f9edc5f3730",
          "title": "[@userbyid] Search User by id Test",
          "fullFile": "D:\\revisi-tugas-week3\\testcases\\search-user-by-id.js",
          "file": "\\testcases\\search-user-by-id.js",
          "beforeHooks": [],
          "afterHooks": [],
          "tests": [
            {
              "title": "[@validuserid] Search User by valid id will return status code 200",
              "fullTitle": "[@userbyid] Search User by id Test [@validuserid] Search User by valid id will return status code 200",
              "timedOut": false,
              "duration": 35,
              "state": "passed",
              "speed": "fast",
              "pass": true,
              "fail": false,
              "pending": false,
              "context": null,
              "code": "let userId = \"9da80a4e-38a3-4fa6-b71f-4166ee9e6621\";\nlet response = await api.getUserById(userId);\nlet bodyData = response.body;\nexpect(response.status).to.equal(200);\nexpect(bodyData.id).be.like(userId);\nexpect(response.body).has.jsonSchema(jsonSchema);",
              "err": {},
              "uuid": "356e78a0-b1ee-452b-b64c-bdbda23fa2d2",
              "parentUUID": "3ee3afc2-2ffe-4663-86b0-6f9edc5f3730",
              "isHook": false,
              "skipped": false
            },
            {
              "title": "[@invaliduserid] Search User by invalid id will return status code 404",
              "fullTitle": "[@userbyid] Search User by id Test [@invaliduserid] Search User by invalid id will return status code 404",
              "timedOut": false,
              "duration": 23,
              "state": "passed",
              "speed": "fast",
              "pass": true,
              "fail": false,
              "pending": false,
              "context": null,
              "code": "let userId = \"12345\";\nlet response = await api.getUserById(userId);\nlet bodyData = response.body;\nexpect(bodyData.errorCode).to.equal(\"ER-01\");\nexpect(response.status).to.equal(404);\nexpect(bodyData.message).to.equal(\"user not found\")",
              "err": {},
              "uuid": "38af1e60-644b-4536-9713-3ad6659f72af",
              "parentUUID": "3ee3afc2-2ffe-4663-86b0-6f9edc5f3730",
              "isHook": false,
              "skipped": false
            }
          ],
          "suites": [],
          "passes": [
            "356e78a0-b1ee-452b-b64c-bdbda23fa2d2",
            "38af1e60-644b-4536-9713-3ad6659f72af"
          ],
          "failures": [],
          "pending": [],
          "skipped": [],
          "duration": 58,
          "root": false,
          "rootEmpty": false,
          "_timeout": 2000
        }
      ],
      "passes": [],
      "failures": [],
      "pending": [],
      "skipped": [],
      "duration": 0,
      "root": true,
      "rootEmpty": true,
      "_timeout": 2000
    }
  ],
  "meta": {
    "mocha": {
      "version": "10.0.0"
    },
    "mochawesome": {
      "options": {
        "quiet": false,
        "reportFilename": "mochawesome",
        "saveHtml": true,
        "saveJson": true,
        "consoleReporter": "spec",
        "useInlineDiffs": false,
        "code": true
      },
      "version": "7.1.3"
    },
    "marge": {
      "options": null,
      "version": "6.2.0"
    }
  }
}